<?xml version="1.0" encoding="UTF-8"?>
<!-- Generated by org.testng.reporters.JUnitReportReporter -->
<testsuite hostname="LAPTOP-6O2QONVB" failures="0" tests="3" name="maven.project.DataDriven_DataProviderTest" time="55.646" errors="0" timestamp="2022-06-09T16:33:48 IST" skipped="0">
  <testcase classname="maven.project.DataDriven_DataProviderTest" name="Orangehrmslogin" time="12.035"/>
  <system-out>
unable to login successfully into ornage hrms home page  </system-out>
  <testcase classname="maven.project.DataDriven_DataProviderTest" name="Orangehrmslogin" time="25.032"/>
  <system-out>
orange hrms login successfully into home page  </system-out>
  <testcase classname="maven.project.DataDriven_DataProviderTest" name="Orangehrmslogin" time="18.579"/>
  <system-out>
orange hrms login successfully into home page  </system-out>
</testsuite> <!-- maven.project.DataDriven_DataProviderTest -->
