<?xml version="1.0" encoding="UTF-8"?>
<!-- Generated by org.testng.reporters.JUnitReportReporter -->
<testsuite hostname="LAPTOP-6O2QONVB" failures="0" tests="1" name="maven.project.AppTest" time="0.000" errors="0" timestamp="2022-06-09T16:33:49 IST" skipped="0">
  <testcase classname="maven.project.AppTest" name="testApp" time="0.000"/>
  <system-out/>
</testsuite> <!-- maven.project.AppTest -->
