<?xml version="1.0" encoding="UTF-8"?>
<!-- Generated by org.testng.reporters.JUnitReportReporter -->
<testsuite hostname="LAPTOP-6O2QONVB" failures="0" tests="3" name="maven.project.DataDriven_DataProviderTest" time="48.689" errors="0" timestamp="2020-11-09T20:51:02 IST" skipped="0">
  <testcase classname="maven.project.DataDriven_DataProviderTest" name="Orangehrmslogin" time="9.027"/>
  <system-out>
unable to login successfully into ornage hrms home page  </system-out>
  <testcase classname="maven.project.DataDriven_DataProviderTest" name="Orangehrmslogin" time="20.987"/>
  <system-out>
orange hrms login successfully into home page  </system-out>
  <testcase classname="maven.project.DataDriven_DataProviderTest" name="Orangehrmslogin" time="18.675"/>
  <system-out>
orange hrms login successfully into home page  </system-out>
</testsuite> <!-- maven.project.DataDriven_DataProviderTest -->
